2025-09-01 04:19:01,791 - INFO - Skipping preprocessing as requested (--skip-preprocess).
2025-09-01 04:19:01,792 - INFO - Loading training data: UGR16_preprocessed/production_train/train.csv with 22 features (float32)
2025-09-01 05:11:52,725 - INFO - Skipping preprocessing as requested (--skip-preprocess).
2025-09-01 05:11:52,726 - INFO - Streaming training from UGR16_preprocessed/production_train/train.csv: target_rows=2000000, chunksize=100000
2025-09-01 05:11:55,416 - INFO - Streamed rows: 2000000
2025-09-01 05:11:55,420 - INFO - Loaded train.csv: rows=2000000, cols=23, approx_mem=0.18 GB
2025-09-01 05:11:55,452 - INFO - Training matrix ready: shape=(2000000, 22), dtype=float32
2025-09-01 05:11:55,452 - INFO - Training Isolation Forest: 150 estimators, contamination=auto
2025-09-01 05:13:11,171 - INFO - Training complete
2025-09-01 05:13:26,239 - INFO - Model saved: models/ugr16_isolation_forest_anomaly_detector_v3_20250901_051151.joblib
nohup: ignoring input
2025-09-01 05:15:23,353 - INFO - Skipping preprocessing as requested (--skip-preprocess).
2025-09-01 05:15:23,353 - INFO - Loading training data: UGR16_preprocessed/production_train/train.csv with 22 features (float32)
2025-09-01 06:17:33,419 - INFO - Skipping preprocessing as requested (--skip-preprocess).
2025-09-01 06:17:33,421 - INFO - Loading training data: UGR16_preprocessed/production_train/train.csv with 22 features (float32)
2025-09-05 04:44:50,224 - INFO - Skipping preprocessing as requested (--skip-preprocess).
2025-09-05 04:44:50,224 - INFO - Streaming training from UGR16_preprocessed/production_train/train.csv: target_rows=10000000, chunksize=100000
2025-09-05 04:45:03,243 - INFO - Streamed rows: 10000000
2025-09-05 04:45:03,247 - INFO - Loaded train.csv: rows=10000000, cols=23, approx_mem=0.89 GB
2025-09-05 04:45:03,401 - INFO - Training matrix ready: shape=(10000000, 22), dtype=float32
2025-09-05 04:45:03,401 - INFO - Training Isolation Forest: 150 estimators, contamination=auto
2025-09-05 04:45:11,926 - INFO - Training complete
2025-09-05 04:45:12,025 - INFO - Model saved: models/ugr16_isolation_forest_anomaly_detector_v3_20250905_044449.joblib
python3: can't open file '/home/hp/anomaly_ids/model_script.py': [Errno 2] No such file or directory
python3: can't open file '/home/hp/anomaly_ids/model_script.py': [Errno 2] No such file or directory
python3: can't open file '/home/hp/anomaly_ids/model_script.py': [Errno 2] No such file or directory
python3: can't open file '/home/hp/anomaly_ids/model_script.py': [Errno 2] No such file or directory
